
> mctools@1.0.0 start
> node server.js

(node:29068) ExperimentalWarning: SQLite is an experimental feature and might change at any time
(Use `node --trace-warnings ...` to show where the warning was created)
Server is running at http://0.0.0.0:3000

> mctools@1.0.0 start
> node server.js

(node:24436) ExperimentalWarning: SQLite is an experimental feature and might change at any time
(Use `node --trace-warnings ...` to show where the warning was created)
Server is running at http://0.0.0.0:3000

> mctools@1.0.0 start
> node server.js

(node:11508) ExperimentalWarning: SQLite is an experimental feature and might change at any time
(Use `node --trace-warnings ...` to show where the warning was created)
Server is running at http://0.0.0.0:3000

> mctools@1.0.0 start
> node server.js

(node:6540) ExperimentalWarning: SQLite is an experimental feature and might change at any time
(Use `node --trace-warnings ...` to show where the warning was created)
Server is running at http://0.0.0.0:3000

> mctools@1.0.0 start
> node server.js

(node:16840) ExperimentalWarning: SQLite is an experimental feature and might change at any time
(Use `node --trace-warnings ...` to show where the warning was created)
Server is running at http://0.0.0.0:3000

> mctools@1.0.0 start
> node server.js

(node:29916) ExperimentalWarning: SQLite is an experimental feature and might change at any time
(Use `node --trace-warnings ...` to show where the warning was created)
Server is running at http://0.0.0.0:3000

> mctools@1.0.0 start
> node server.js

(node:17332) ExperimentalWarning: SQLite is an experimental feature and might change at any time
(Use `node --trace-warnings ...` to show where the warning was created)
Server is running at http://0.0.0.0:3000

> mctools@1.0.0 start
> node server.js

(node:24048) ExperimentalWarning: SQLite is an experimental feature and might change at any time
(Use `node --trace-warnings ...` to show where the warning was created)
Server is running at http://0.0.0.0:3000

> mctools@1.0.0 start
> node server.js

(node:34072) ExperimentalWarning: SQLite is an experimental feature and might change at any time
(Use `node --trace-warnings ...` to show where the warning was created)
Server is running at http://0.0.0.0:3000

> mctools@1.0.0 start
> node server.js

(node:3984) ExperimentalWarning: SQLite is an experimental feature and might change at any time
(Use `node --trace-warnings ...` to show where the warning was created)
Server is running at http://0.0.0.0:3000

> mctools@1.0.0 start
> node server.js

(node:9068) ExperimentalWarning: SQLite is an experimental feature and might change at any time
(Use `node --trace-warnings ...` to show where the warning was created)
Server is running at http://0.0.0.0:3000

> mctools@1.0.0 start
> node server.js

(node:29344) ExperimentalWarning: SQLite is an experimental feature and might change at any time
(Use `node --trace-warnings ...` to show where the warning was created)
Server is running at http://0.0.0.0:3000

> mctools@1.0.0 start
> node server.js

(node:3480) ExperimentalWarning: SQLite is an experimental feature and might change at any time
(Use `node --trace-warnings ...` to show where the warning was created)
Server is running at http://0.0.0.0:3000

> mctools@1.0.0 start
> node server.js

(node:27000) ExperimentalWarning: SQLite is an experimental feature and might change at any time
(Use `node --trace-warnings ...` to show where the warning was created)
Server is running at http://0.0.0.0:3000

> mctools@1.0.0 start
> node server.js

(node:30168) ExperimentalWarning: SQLite is an experimental feature and might change at any time
(Use `node --trace-warnings ...` to show where the warning was created)
Server is running at http://0.0.0.0:3000

> mctools@1.0.0 start
> node server.js

(node:29680) ExperimentalWarning: SQLite is an experimental feature and might change at any time
(Use `node --trace-warnings ...` to show where the warning was created)
Server is running at http://0.0.0.0:3000

> mctools@1.0.0 start
> node server.js

(node:20192) ExperimentalWarning: SQLite is an experimental feature and might change at any time
(Use `node --trace-warnings ...` to show where the warning was created)
Server is running at http://0.0.0.0:3000

> mctools@1.0.0 start
> node server.js

(node:26080) ExperimentalWarning: SQLite is an experimental feature and might change at any time
(Use `node --trace-warnings ...` to show where the warning was created)
Server is running at http://0.0.0.0:3000

> mctools@1.0.0 start
> node server.js

(node:28772) ExperimentalWarning: SQLite is an experimental feature and might change at any time
(Use `node --trace-warnings ...` to show where the warning was created)
Server is running at http://0.0.0.0:3000

> mctools@1.0.0 start
> node server.js

(node:21340) ExperimentalWarning: SQLite is an experimental feature and might change at any time
(Use `node --trace-warnings ...` to show where the warning was created)
Server is running at http://0.0.0.0:3000

> mctools@1.0.0 start
> node server.js

(node:11628) ExperimentalWarning: SQLite is an experimental feature and might change at any time
(Use `node --trace-warnings ...` to show where the warning was created)
Server is running at http://0.0.0.0:3000

> mctools@1.0.0 start
> node server.js

(node:33596) ExperimentalWarning: SQLite is an experimental feature and might change at any time
(Use `node --trace-warnings ...` to show where the warning was created)
Server is running at http://0.0.0.0:3000

> mctools@1.0.0 start
> node server.js

(node:23872) ExperimentalWarning: SQLite is an experimental feature and might change at any time
(Use `node --trace-warnings ...` to show where the warning was created)
Server is running at http://0.0.0.0:3000

> mctools@1.0.0 start
> node server.js

(node:36456) ExperimentalWarning: SQLite is an experimental feature and might change at any time
(Use `node --trace-warnings ...` to show where the warning was created)
Server is running at http://0.0.0.0:3000

> mctools@1.0.0 start
> node server.js

(node:29956) ExperimentalWarning: SQLite is an experimental feature and might change at any time
(Use `node --trace-warnings ...` to show where the warning was created)
Server is running at http://0.0.0.0:3000

> mctools@1.0.0 start
> node server.js

(node:30372) ExperimentalWarning: SQLite is an experimental feature and might change at any time
(Use `node --trace-warnings ...` to show where the warning was created)
Server is running at http://0.0.0.0:3000

> mctools@1.0.0 start
> node server.js

(node:17124) ExperimentalWarning: SQLite is an experimental feature and might change at any time
(Use `node --trace-warnings ...` to show where the warning was created)
Server is running at http://0.0.0.0:3000

> mctools@1.0.0 start
> node server.js

(node:33120) ExperimentalWarning: SQLite is an experimental feature and might change at any time
(Use `node --trace-warnings ...` to show where the warning was created)
Server is running at http://0.0.0.0:3000

> mctools@1.0.0 start
> node server.js

(node:34700) ExperimentalWarning: SQLite is an experimental feature and might change at any time
(Use `node --trace-warnings ...` to show where the warning was created)
Server is running at http://0.0.0.0:3000

> mctools@1.0.0 start
> node server.js

(node:36356) ExperimentalWarning: SQLite is an experimental feature and might change at any time
(Use `node --trace-warnings ...` to show where the warning was created)
Server is running at http://0.0.0.0:3000 (v1.2.0)

> mctools@1.0.0 start
> node server.js

(node:18908) ExperimentalWarning: SQLite is an experimental feature and might change at any time
(Use `node --trace-warnings ...` to show where the warning was created)
Server is running at http://0.0.0.0:3000 (v1.2.0)
